FAILED TO PARSE: https://www.youtube.com/feeds/videos.xml?channel_id=UCSO5KQBCz3GsuDOGLdu7NBw ASMR ASMR2n4
FAILED TO MATCH: FAILED TO PARSE: https://www.youtube.com/feeds/videos.xml?channel_id=UCSO5KQBCz3GsuDOGLdu7NBw ASMR ASMR2n4
FAILED TO PARSE: https://www.youtube.com/feeds/videos.xml?channel_id=UC2nyigZS5YNDrCu_pih809w ASMR Whispers Red ASMR
FAILED TO MATCH: FAILED TO PARSE: https://www.youtube.com/feeds/videos.xml?channel_id=UC2nyigZS5YNDrCu_pih809w ASMR Whispers Red ASMR
FAILED TO PARSE: https://www.youtube.com/feeds/videos.xml?channel_id=UCgL7c6rQ8QordQ7k5p0i8Ag ASMR Whispers Red Kids ASMR
FAILED TO MATCH: FAILED TO PARSE: https://www.youtube.com/feeds/videos.xml?channel_id=UCgL7c6rQ8QordQ7k5p0i8Ag ASMR Whispers Red Kids ASMR
FAILED TO PARSE: https://www.youtube.com/feeds/videos.xml?channel_id=UC6gLlIAnzg7eJ8VuXDCZ_vg ASMR Gentle Whispering ASMR
FAILED TO MATCH: FAILED TO PARSE: https://www.youtube.com/feeds/videos.xml?channel_id=UC6gLlIAnzg7eJ8VuXDCZ_vg ASMR Gentle Whispering ASMR
FAILED TO PARSE: https://www.youtube.com/feeds/videos.xml?channel_id=UCq9cym_4rMYQ3_awT4twk4A ASMR Sleeping Pearl ASMR
FAILED TO MATCH: FAILED TO PARSE: https://www.youtube.com/feeds/videos.xml?channel_id=UCq9cym_4rMYQ3_awT4twk4A ASMR Sleeping Pearl ASMR
FAILED TO PARSE: https://www.youtube.com/feeds/videos.xml?channel_id=UC2eddeJoyByJBjE4CYXwNXQ ASMR Heather Feather ASMR
FAILED TO MATCH: FAILED TO PARSE: https://www.youtube.com/feeds/videos.xml?channel_id=UC2eddeJoyByJBjE4CYXwNXQ ASMR Heather Feather ASMR
FAILED TO PARSE: https://www.youtube.com/feeds/videos.xml?channel_id=UCCjpp4TCjnRftS_LenXuSHw ASMR Jellybean ASMR
FAILED TO MATCH: FAILED TO PARSE: https://www.youtube.com/feeds/videos.xml?channel_id=UCCjpp4TCjnRftS_LenXuSHw ASMR Jellybean ASMR
FAILED TO PARSE: https://www.youtube.com/feeds/videos.xml?channel_id=UCaZSbl6ZE8FmA6sATtcmIZQ ASMR Whisper Audios ASMR
FAILED TO MATCH: FAILED TO PARSE: https://www.youtube.com/feeds/videos.xml?channel_id=UCaZSbl6ZE8FmA6sATtcmIZQ ASMR Whisper Audios ASMR
FAILED TO PARSE: https://www.youtube.com/feeds/videos.xml?channel_id=UCyEngvQffc30CRNMAuNgHKw ASMR Melissa Rose ASMR
FAILED TO MATCH: FAILED TO PARSE: https://www.youtube.com/feeds/videos.xml?channel_id=UCyEngvQffc30CRNMAuNgHKw ASMR Melissa Rose ASMR
FAILED TO PARSE: https://www.youtube.com/feeds/videos.xml?channel_id=UC53vVuTxfTUPZSZVPW1iitg ASMR Bright Grey ASMR
FAILED TO MATCH: FAILED TO PARSE: https://www.youtube.com/feeds/videos.xml?channel_id=UC53vVuTxfTUPZSZVPW1iitg ASMR Bright Grey ASMR
FAILED TO PARSE: https://www.youtube.com/feeds/videos.xml?channel_id=UCLcyg3kjSwlUxjnQhSMqfmg ASMR Scottish Murmurs ASMR
FAILED TO MATCH: FAILED TO PARSE: https://www.youtube.com/feeds/videos.xml?channel_id=UCLcyg3kjSwlUxjnQhSMqfmg ASMR Scottish Murmurs ASMR
FAILED TO PARSE: https://www.youtube.com/feeds/videos.xml?channel_id=UCGfbWCJjPwcAlBNkHT3gQ6w ASMR Isabel Imagination ASMR
FAILED TO MATCH: FAILED TO PARSE: https://www.youtube.com/feeds/videos.xml?channel_id=UCGfbWCJjPwcAlBNkHT3gQ6w ASMR Isabel Imagination ASMR
FAILED TO PARSE: https://www.youtube.com/feeds/videos.xml?channel_id=UC_R9MQkCOSew6FswsZtHOEw ASMR Isabel Backstage ASMR
FAILED TO MATCH: FAILED TO PARSE: https://www.youtube.com/feeds/videos.xml?channel_id=UC_R9MQkCOSew6FswsZtHOEw ASMR Isabel Backstage ASMR
FAILED TO PARSE: https://www.youtube.com/feeds/videos.xml?channel_id=UCE6acMV3m35znLcf0JGNn7Q ASMR Gibi ASMR
FAILED TO MATCH: FAILED TO PARSE: https://www.youtube.com/feeds/videos.xml?channel_id=UCE6acMV3m35znLcf0JGNn7Q ASMR Gibi ASMR
FAILED TO PARSE: https://www.youtube.com/feeds/videos.xml?channel_id=UCHC6fhzmkO9pdwFwNaFvArw ASMR Darya Lozhkina ASMR
FAILED TO MATCH: FAILED TO PARSE: https://www.youtube.com/feeds/videos.xml?channel_id=UCHC6fhzmkO9pdwFwNaFvArw ASMR Darya Lozhkina ASMR
FAILED TO PARSE: https://www.youtube.com/feeds/videos.xml?channel_id=UCJhQRAbu01LYCTXdCFdqg_Q ASMR Valeriya ASMR
FAILED TO MATCH: FAILED TO PARSE: https://www.youtube.com/feeds/videos.xml?channel_id=UCJhQRAbu01LYCTXdCFdqg_Q ASMR Valeriya ASMR
FAILED TO PARSE: https://www.youtube.com/feeds/videos.xml?channel_id=UC5K74ZbsjkUi3ohnq-vCcEw ASMR Jellybean Green ASMR
FAILED TO MATCH: FAILED TO PARSE: https://www.youtube.com/feeds/videos.xml?channel_id=UC5K74ZbsjkUi3ohnq-vCcEw ASMR Jellybean Green ASMR
FAILED TO PARSE: https://www.youtube.com/feeds/videos.xml?channel_id=UCQSvg4-j4HS2foQ7_umawoA ASMR Visual Sounds ASMR
FAILED TO MATCH: FAILED TO PARSE: https://www.youtube.com/feeds/videos.xml?channel_id=UCQSvg4-j4HS2foQ7_umawoA ASMR Visual Sounds ASMR
FAILED TO PARSE: https://www.youtube.com/feeds/videos.xml?channel_id=UCHrKd8ElaVdk7OBQAgx8JrQ ASMR ASMR Magic
FAILED TO MATCH: FAILED TO PARSE: https://www.youtube.com/feeds/videos.xml?channel_id=UCHrKd8ElaVdk7OBQAgx8JrQ ASMR ASMR Magic
FAILED TO PARSE: https://www.youtube.com/feeds/videos.xml?channel_id=UClqNSqnWeOOUVkzcJFj4rBw ASMR TingTing ASMR
FAILED TO MATCH: FAILED TO PARSE: https://www.youtube.com/feeds/videos.xml?channel_id=UClqNSqnWeOOUVkzcJFj4rBw ASMR TingTing ASMR
FAILED TO PARSE: https://www.youtube.com/feeds/videos.xml?channel_id=UCQe2Y7V-C9bNMAcCJCBvzQQ ASMR Latte ASMR
FAILED TO MATCH: FAILED TO PARSE: https://www.youtube.com/feeds/videos.xml?channel_id=UCQe2Y7V-C9bNMAcCJCBvzQQ ASMR Latte ASMR
FAILED TO PARSE: https://www.youtube.com/feeds/videos.xml?channel_id=UCo-gAYrvd7WIrCRsNueddtQ ASMR KittyKlaw
FAILED TO MATCH: FAILED TO PARSE: https://www.youtube.com/feeds/videos.xml?channel_id=UCo-gAYrvd7WIrCRsNueddtQ ASMR KittyKlaw
FAILED TO PARSE: https://www.youtube.com/feeds/videos.xml?channel_id=UClMJgjg2z_IrRm6J9KrhcuQ ASMR Goodnight Moon 
FAILED TO MATCH: FAILED TO PARSE: https://www.youtube.com/feeds/videos.xml?channel_id=UClMJgjg2z_IrRm6J9KrhcuQ ASMR Goodnight Moon 
FAILED TO PARSE: https://www.youtube.com/feeds/videos.xml?channel_id=UC4WzZ1afM09Z0-55dJBv6vg ASMR ASMR For Clods 
FAILED TO MATCH: FAILED TO PARSE: https://www.youtube.com/feeds/videos.xml?channel_id=UC4WzZ1afM09Z0-55dJBv6vg ASMR ASMR For Clods 
FAILED TO PARSE: https://www.youtube.com/feeds/videos.xml?channel_id=UCX70sfic86MKcid2n0mmmqg ASMR ASMRequests 
FAILED TO MATCH: FAILED TO PARSE: https://www.youtube.com/feeds/videos.xml?channel_id=UCX70sfic86MKcid2n0mmmqg ASMR ASMRequests 
FAILED TO PARSE: https://www.youtube.com/feeds/videos.xml?channel_id=UCUuENVpVuzqpRsXWIDlpQTg ASMR Caroline ASMR 
FAILED TO MATCH: FAILED TO PARSE: https://www.youtube.com/feeds/videos.xml?channel_id=UCUuENVpVuzqpRsXWIDlpQTg ASMR Caroline ASMR 
FAILED TO PARSE: https://www.youtube.com/feeds/videos.xml?channel_id=UCTjmsLT64HoxLiTzaAcytiw ASMR Sophie Michelle 
FAILED TO MATCH: FAILED TO PARSE: https://www.youtube.com/feeds/videos.xml?channel_id=UCTjmsLT64HoxLiTzaAcytiw ASMR Sophie Michelle 
FAILED TO PARSE: https://www.youtube.com/feeds/videos.xml?channel_id=UC8OwlKvwoxQ-aMobz1oUriQ ASMR Laura LemureX
FAILED TO MATCH: FAILED TO PARSE: https://www.youtube.com/feeds/videos.xml?channel_id=UC8OwlKvwoxQ-aMobz1oUriQ ASMR Laura LemureX
FAILED TO PARSE: https://www.youtube.com/feeds/videos.xml?channel_id=UC80UDR9O8vDvUVossfppxHg ASMR CatPlant
FAILED TO MATCH: FAILED TO PARSE: https://www.youtube.com/feeds/videos.xml?channel_id=UC80UDR9O8vDvUVossfppxHg ASMR CatPlant
FAILED TO PARSE: https://www.youtube.com/feeds/videos.xml?channel_id=UC7wT_mqUvCHEIWm1cuw_T1Q ASMR Blue Whisper
FAILED TO MATCH: FAILED TO PARSE: https://www.youtube.com/feeds/videos.xml?channel_id=UC7wT_mqUvCHEIWm1cuw_T1Q ASMR Blue Whisper
FAILED TO PARSE: https://www.youtube.com/feeds/videos.xml?channel_id=UCfxzpCXkE3IkpuAJ7oXi3jg ASMR ASMR Attack
FAILED TO MATCH: FAILED TO PARSE: https://www.youtube.com/feeds/videos.xml?channel_id=UCfxzpCXkE3IkpuAJ7oXi3jg ASMR ASMR Attack
FAILED TO PARSE: https://www.youtube.com/feeds/videos.xml?channel_id=UCaITiY0rLVsRr71dP-kQgEg SKIP SixGun TV
FAILED TO MATCH: FAILED TO PARSE: https://www.youtube.com/feeds/videos.xml?channel_id=UCaITiY0rLVsRr71dP-kQgEg SKIP SixGun TV
FAILED TO PARSE: https://www.youtube.com/feeds/videos.xml?channel_id=UCII0hP2Ycmhh5j8lS4cexBQ SKIP Red vs. Blue
FAILED TO MATCH: FAILED TO PARSE: https://www.youtube.com/feeds/videos.xml?channel_id=UCII0hP2Ycmhh5j8lS4cexBQ SKIP Red vs. Blue
FAILED TO PARSE: https://www.youtube.com/feeds/videos.xml?channel_id=UCFzph9x-n9FR52BI94Zfgww SKIP MST3K
FAILED TO MATCH: FAILED TO PARSE: https://www.youtube.com/feeds/videos.xml?channel_id=UCFzph9x-n9FR52BI94Zfgww SKIP MST3K
FAILED TO PARSE: https://www.youtube.com/feeds/videos.xml?channel_id=UCvU3L4wOrubaBtQeTuZ3TiQ SKIP A Fox in Space
FAILED TO MATCH: FAILED TO PARSE: https://www.youtube.com/feeds/videos.xml?channel_id=UCvU3L4wOrubaBtQeTuZ3TiQ SKIP A Fox in Space
FAILED TO PARSE: https://www.youtube.com/feeds/videos.xml?channel_id=UCC1jCliC-puUaK1Zg7QY0hA SKIP Previously Recorded (RLM,Red Letter)
FAILED TO MATCH: FAILED TO PARSE: https://www.youtube.com/feeds/videos.xml?channel_id=UCC1jCliC-puUaK1Zg7QY0hA SKIP Previously Recorded (RLM,Red Letter)
FAILED TO PARSE: https://www.youtube.com/feeds/videos.xml?channel_id=UCTXeNJgkXSNWH3kf7Uw7j4w 1080p ICWXP
FAILED TO MATCH: FAILED TO PARSE: https://www.youtube.com/feeds/videos.xml?channel_id=UCTXeNJgkXSNWH3kf7Uw7j4w 1080p ICWXP
FAILED TO PARSE: https://www.youtube.com/feeds/videos.xml?channel_id=UCIT9QSeqXyVteb3sOLjuclg 1080p Robo-Co-op (ICWXP)
FAILED TO MATCH: FAILED TO PARSE: https://www.youtube.com/feeds/videos.xml?channel_id=UCIT9QSeqXyVteb3sOLjuclg 1080p Robo-Co-op (ICWXP)
FAILED TO PARSE: https://www.youtube.com/feeds/videos.xml?channel_id=UCCGc8JKl5EvE8IjZ_qprNcQ 1080p Lead Balloon TV
FAILED TO MATCH: FAILED TO PARSE: https://www.youtube.com/feeds/videos.xml?channel_id=UCCGc8JKl5EvE8IjZ_qprNcQ 1080p Lead Balloon TV
FAILED TO PARSE: https://www.youtube.com/feeds/videos.xml?channel_id=UCV1G6JkQtB2nobFm3MGNsBQ 1080p Big Lez
FAILED TO MATCH: FAILED TO PARSE: https://www.youtube.com/feeds/videos.xml?channel_id=UCV1G6JkQtB2nobFm3MGNsBQ 1080p Big Lez
FAILED TO PARSE: https://www.youtube.com/feeds/videos.xml?channel_id=UCF8RSmVAC132b_h2ch_KN9w 1080p The Gym Database (fitness)
FAILED TO MATCH: FAILED TO PARSE: https://www.youtube.com/feeds/videos.xml?channel_id=UCF8RSmVAC132b_h2ch_KN9w 1080p The Gym Database (fitness)
FAILED TO PARSE: https://www.youtube.com/feeds/videos.xml?channel_id=UCHrlzhElXyv2aTqMZznXAKw 1080p The DC3
FAILED TO MATCH: FAILED TO PARSE: https://www.youtube.com/feeds/videos.xml?channel_id=UCHrlzhElXyv2aTqMZznXAKw 1080p The DC3
FAILED TO PARSE: https://www.youtube.com/feeds/videos.xml?channel_id=UCWP4rwZ4m2eoBZFqjGBevLA 720p 2000 AD
FAILED TO MATCH: FAILED TO PARSE: https://www.youtube.com/feeds/videos.xml?channel_id=UCWP4rwZ4m2eoBZFqjGBevLA 720p 2000 AD
FAILED TO PARSE: https://www.youtube.com/feeds/videos.xml?channel_id=UCs7caOn0YaZfzznVuVI_4fA 720p Josh Way
FAILED TO MATCH: FAILED TO PARSE: https://www.youtube.com/feeds/videos.xml?channel_id=UCs7caOn0YaZfzznVuVI_4fA 720p Josh Way
FAILED TO PARSE: https://www.youtube.com/feeds/videos.xml?channel_id=UCEHsSWvrGVSIA63OV3J6vhA 720p Storm Clouds Gathering
FAILED TO MATCH: FAILED TO PARSE: https://www.youtube.com/feeds/videos.xml?channel_id=UCEHsSWvrGVSIA63OV3J6vhA 720p Storm Clouds Gathering
FAILED TO PARSE: https://www.youtube.com/feeds/videos.xml?channel_id=UCrTNhL_yO3tPTdQ5XgmmWjA 720p Red Letter Media (RLM,Red Letter)
FAILED TO MATCH: FAILED TO PARSE: https://www.youtube.com/feeds/videos.xml?channel_id=UCrTNhL_yO3tPTdQ5XgmmWjA 720p Red Letter Media (RLM,Red Letter)
FAILED TO PARSE: https://www.youtube.com/feeds/videos.xml?channel_id=UC2hsdw5JVa5B1dBTTYSPWhQ 720p Mr Plinkett (RLM,Red Letter)
FAILED TO MATCH: FAILED TO PARSE: https://www.youtube.com/feeds/videos.xml?channel_id=UC2hsdw5JVa5B1dBTTYSPWhQ 720p Mr Plinkett (RLM,Red Letter)
FAILED TO PARSE: https://www.youtube.com/feeds/videos.xml?channel_id=UCFKE7WVJfvaHW5q283SxchA 720p Yoga With Adriene (fitness)
FAILED TO MATCH: FAILED TO PARSE: https://www.youtube.com/feeds/videos.xml?channel_id=UCFKE7WVJfvaHW5q283SxchA 720p Yoga With Adriene (fitness)
FAILED TO PARSE: https://www.youtube.com/feeds/videos.xml?channel_id=UCGb34D3ThpmjLNn-FLv2_yQ 720p PsycheTruth (fitness)
FAILED TO MATCH: FAILED TO PARSE: https://www.youtube.com/feeds/videos.xml?channel_id=UCGb34D3ThpmjLNn-FLv2_yQ 720p PsycheTruth (fitness)
FAILED TO PARSE: https://www.youtube.com/feeds/videos.xml?channel_id=UCJI4dS-3rg-VrlN8kfSMQnw 720p Sherclop Pones
FAILED TO MATCH: FAILED TO PARSE: https://www.youtube.com/feeds/videos.xml?channel_id=UCJI4dS-3rg-VrlN8kfSMQnw 720p Sherclop Pones
FAILED TO PARSE: https://www.youtube.com/feeds/videos.xml?channel_id=UCsvazPPlhZlch0-Z3wPByeg 720p Team 4 Star
FAILED TO MATCH: FAILED TO PARSE: https://www.youtube.com/feeds/videos.xml?channel_id=UCsvazPPlhZlch0-Z3wPByeg 720p Team 4 Star
FAILED TO PARSE: https://www.youtube.com/feeds/videos.xml?channel_id=UC2NU0s1H0p9N4jvF7qV59vA 720p LK: CardGamesFTW
FAILED TO MATCH: FAILED TO PARSE: https://www.youtube.com/feeds/videos.xml?channel_id=UC2NU0s1H0p9N4jvF7qV59vA 720p LK: CardGamesFTW
FAILED TO PARSE: https://www.youtube.com/feeds/videos.xml?channel_id=UC6A33q8SpqYbyeF0GARRruQ 720p LK: Ninjabridge
FAILED TO MATCH: FAILED TO PARSE: https://www.youtube.com/feeds/videos.xml?channel_id=UC6A33q8SpqYbyeF0GARRruQ 720p LK: Ninjabridge
FAILED TO PARSE: https://www.youtube.com/feeds/videos.xml?channel_id=UCtgJiaJ0hFS-T4dZRybdXwA 720p LK: ObeyMyRod
FAILED TO MATCH: FAILED TO PARSE: https://www.youtube.com/feeds/videos.xml?channel_id=UCtgJiaJ0hFS-T4dZRybdXwA 720p LK: ObeyMyRod
FAILED TO PARSE: https://www.youtube.com/feeds/videos.xml?channel_id=UCAVSMkmI_aequuz_jD1E5pw 720p Learn Czech with Rich
FAILED TO MATCH: FAILED TO PARSE: https://www.youtube.com/feeds/videos.xml?channel_id=UCAVSMkmI_aequuz_jD1E5pw 720p Learn Czech with Rich
FAILED TO PARSE: https://www.youtube.com/feeds/videos.xml?channel_id=UCwcxPTYqkg2JM3lFq6TifzA 720p SwankiVY
FAILED TO MATCH: FAILED TO PARSE: https://www.youtube.com/feeds/videos.xml?channel_id=UCwcxPTYqkg2JM3lFq6TifzA 720p SwankiVY
FAILED TO PARSE: https://www.youtube.com/feeds/videos.xml?channel_id=UCvobIcGH8hbeWA-n3xeuj5w AUDIO Jem Jam 
FAILED TO MATCH: FAILED TO PARSE: https://www.youtube.com/feeds/videos.xml?channel_id=UCvobIcGH8hbeWA-n3xeuj5w AUDIO Jem Jam 
